<?xml version="1.0" encoding="UTF-8"?>
<!-- Generated by org.testng.reporters.JUnitXMLReporter -->
<testsuite ignored="0" hostname="Losuinda" failures="0" tests="8" name="Test" time="47.036" errors="0" timestamp="2025-01-11T17:35:27 CET">
  <testcase classname="testcases.TC00_PaymentTest_EndToEndTests" name="verifyAddProductToCartAndCheckout" time="9.536"/>
  <testcase classname="testcases.TC00_PaymentTest_EndToEndTests" name="verifyCheckoutProcess" time="1.753"/>
  <testcase classname="testcases.TC00_PaymentTest_EndToEndTests" name="verfiyPaymentMethod" time="2.294"/>
  <testcase classname="testcases.TC001_LoginTestDDT" name="testHomePage" time="1.181"/>
  <testcase classname="testcases.TC001_LoginTestDDT" name="verify_loginDDT" time="5.252"/>
  <testcase classname="testcases.TC001_LoginTestDDT" name="verify_loginDDT" time="4.491"/>
  <testcase classname="testcases.TC001_LoginTestDDT" name="verify_loginDDT" time="4.642"/>
  <testcase classname="testcases.TC001_LoginTestDDT" name="verify_loginDDT" time="2.1"/>
</testsuite> <!-- Test -->
