<?xml version="1.0" encoding="UTF-8"?>
<!-- Generated by org.testng.reporters.JUnitXMLReporter -->
<testsuite ignored="0" hostname="Losuinda" failures="0" tests="8" name="Test" time="57.076" errors="0" timestamp="2025-01-11T17:46:53 CET">
  <testcase classname="testcases.TC00_PaymentTest_EndToEndTests" name="verifyAddProductToCartAndCheckout" time="10.341"/>
  <testcase classname="testcases.TC00_PaymentTest_EndToEndTests" name="verifyCheckoutProcess" time="1.859"/>
  <testcase classname="testcases.TC00_PaymentTest_EndToEndTests" name="verfiyPaymentMethod" time="2.783"/>
  <testcase classname="testcases.TC001_LoginTestDDT" name="testHomePage" time="2.291"/>
  <testcase classname="testcases.TC001_LoginTestDDT" name="verify_loginDDT" time="7.941"/>
  <testcase classname="testcases.TC001_LoginTestDDT" name="verify_loginDDT" time="5.779"/>
  <testcase classname="testcases.TC001_LoginTestDDT" name="verify_loginDDT" time="6.174"/>
  <testcase classname="testcases.TC001_LoginTestDDT" name="verify_loginDDT" time="0.959"/>
</testsuite> <!-- Test -->
