<?xml version="1.0" encoding="UTF-8"?>
<testng-results ignored="0" total="8" passed="8" failed="0" skipped="0">
  <reporter-output>
  </reporter-output>
  <suite started-at="2025-01-11T17:45:55 CET" name="Suite" finished-at="2025-01-11T17:46:52 CET" duration-ms="57076">
    <groups>
    </groups>
    <test started-at="2025-01-11T17:45:55 CET" name="Test" finished-at="2025-01-11T17:46:52 CET" duration-ms="57076">
      <class name="testcases.TC001_LoginTestDDT">
        <test-method is-config="true" signature="setup(java.lang.String,java.lang.String)[pri:0, instance:testcases.TC001_LoginTestDDT@1d296da]" started-at="2025-01-11T17:46:19 CET" name="setup" finished-at="2025-01-11T17:46:27 CET" duration-ms="7423" status="PASS">
          <params>
            <param index="0">
              <value>
                <![CDATA[windows]]>
              </value>
            </param>
            <param index="1">
              <value>
                <![CDATA[chrome]]>
              </value>
            </param>
          </params>
          <reporter-output>
          </reporter-output>
        </test-method> <!-- setup -->
        <test-method signature="testHomePage()[pri:1, instance:testcases.TC001_LoginTestDDT@1d296da]" started-at="2025-01-11T17:46:27 CET" name="testHomePage" finished-at="2025-01-11T17:46:29 CET" duration-ms="2291" status="PASS">
          <reporter-output>
          </reporter-output>
        </test-method> <!-- testHomePage -->
        <test-method signature="verify_loginDDT(java.lang.String,java.lang.String,java.lang.String)[pri:2, instance:testcases.TC001_LoginTestDDT@1d296da]" started-at="2025-01-11T17:46:31 CET" name="verify_loginDDT" data-provider="LoginDataProvider" finished-at="2025-01-11T17:46:39 CET" duration-ms="7941" status="PASS">
          <params>
            <param index="0">
              <value>
                <![CDATA[hyla.family.2021@gmail.com]]>
              </value>
            </param>
            <param index="1">
              <value>
                <![CDATA[losuind@@bdelmageed06022023]]>
              </value>
            </param>
            <param index="2">
              <value>
                <![CDATA[Valid]]>
              </value>
            </param>
          </params>
          <reporter-output>
          </reporter-output>
        </test-method> <!-- verify_loginDDT -->
        <test-method signature="verify_loginDDT(java.lang.String,java.lang.String,java.lang.String)[pri:2, instance:testcases.TC001_LoginTestDDT@1d296da]" started-at="2025-01-11T17:46:39 CET" name="verify_loginDDT" data-provider="LoginDataProvider" finished-at="2025-01-11T17:46:45 CET" duration-ms="5779" status="PASS">
          <params>
            <param index="0">
              <value>
                <![CDATA[Hamza@gmail.com]]>
              </value>
            </param>
            <param index="1">
              <value>
                <![CDATA[Hamzaa@123456789]]>
              </value>
            </param>
            <param index="2">
              <value>
                <![CDATA[Valid]]>
              </value>
            </param>
          </params>
          <reporter-output>
          </reporter-output>
        </test-method> <!-- verify_loginDDT -->
        <test-method signature="verify_loginDDT(java.lang.String,java.lang.String,java.lang.String)[pri:2, instance:testcases.TC001_LoginTestDDT@1d296da]" started-at="2025-01-11T17:46:45 CET" name="verify_loginDDT" data-provider="LoginDataProvider" finished-at="2025-01-11T17:46:51 CET" duration-ms="6174" status="PASS">
          <params>
            <param index="0">
              <value>
                <![CDATA[Nessam@gmail.com]]>
              </value>
            </param>
            <param index="1">
              <value>
                <![CDATA[Nessam12345]]>
              </value>
            </param>
            <param index="2">
              <value>
                <![CDATA[Valid]]>
              </value>
            </param>
          </params>
          <reporter-output>
          </reporter-output>
        </test-method> <!-- verify_loginDDT -->
        <test-method signature="verify_loginDDT(java.lang.String,java.lang.String,java.lang.String)[pri:2, instance:testcases.TC001_LoginTestDDT@1d296da]" started-at="2025-01-11T17:46:51 CET" name="verify_loginDDT" data-provider="LoginDataProvider" finished-at="2025-01-11T17:46:52 CET" duration-ms="959" status="PASS">
          <params>
            <param index="0">
              <value>
                <![CDATA[Yazan@gmail.com]]>
              </value>
            </param>
            <param index="1">
              <value>
                <![CDATA[Nessam12346]]>
              </value>
            </param>
            <param index="2">
              <value>
                <![CDATA[Invalid]]>
              </value>
            </param>
          </params>
          <reporter-output>
          </reporter-output>
        </test-method> <!-- verify_loginDDT -->
        <test-method is-config="true" signature="tearDown()[pri:0, instance:testcases.TC001_LoginTestDDT@1d296da]" started-at="2025-01-11T17:46:52 CET" name="tearDown" finished-at="2025-01-11T17:46:52 CET" duration-ms="116" status="PASS">
          <reporter-output>
          </reporter-output>
        </test-method> <!-- tearDown -->
      </class> <!-- testcases.TC001_LoginTestDDT -->
      <class name="testcases.TC00_PaymentTest_EndToEndTests">
        <test-method is-config="true" signature="setup(java.lang.String,java.lang.String)[pri:0, instance:testcases.TC00_PaymentTest_EndToEndTests@62379589]" started-at="2025-01-11T17:45:55 CET" name="setup" finished-at="2025-01-11T17:46:04 CET" duration-ms="9189" status="PASS">
          <params>
            <param index="0">
              <value>
                <![CDATA[windows]]>
              </value>
            </param>
            <param index="1">
              <value>
                <![CDATA[chrome]]>
              </value>
            </param>
          </params>
          <reporter-output>
          </reporter-output>
        </test-method> <!-- setup -->
        <test-method signature="verifyAddProductToCartAndCheckout()[pri:1, instance:testcases.TC00_PaymentTest_EndToEndTests@62379589]" started-at="2025-01-11T17:46:04 CET" name="verifyAddProductToCartAndCheckout" finished-at="2025-01-11T17:46:15 CET" duration-ms="10341" status="PASS">
          <reporter-output>
          </reporter-output>
        </test-method> <!-- verifyAddProductToCartAndCheckout -->
        <test-method signature="verifyCheckoutProcess()[pri:2, instance:testcases.TC00_PaymentTest_EndToEndTests@62379589]" started-at="2025-01-11T17:46:15 CET" name="verifyCheckoutProcess" finished-at="2025-01-11T17:46:16 CET" duration-ms="1859" status="PASS">
          <reporter-output>
          </reporter-output>
        </test-method> <!-- verifyCheckoutProcess -->
        <test-method signature="verfiyPaymentMethod()[pri:3, instance:testcases.TC00_PaymentTest_EndToEndTests@62379589]" started-at="2025-01-11T17:46:16 CET" name="verfiyPaymentMethod" finished-at="2025-01-11T17:46:19 CET" duration-ms="2783" status="PASS">
          <reporter-output>
          </reporter-output>
        </test-method> <!-- verfiyPaymentMethod -->
        <test-method is-config="true" signature="tearDown()[pri:0, instance:testcases.TC00_PaymentTest_EndToEndTests@62379589]" started-at="2025-01-11T17:46:19 CET" name="tearDown" finished-at="2025-01-11T17:46:19 CET" duration-ms="149" status="PASS">
          <reporter-output>
          </reporter-output>
        </test-method> <!-- tearDown -->
      </class> <!-- testcases.TC00_PaymentTest_EndToEndTests -->
    </test> <!-- Test -->
  </suite> <!-- Suite -->
</testng-results>
